2023-10-29 09:55:00.784 [main] INFO  Freerouting v1.8.0 (build-date: 2023-05-22)
2023-10-29 09:55:00.807 [main] DEBUG  Version: 1.8.0,2023-05-22
2023-10-29 09:55:00.823 [main] DEBUG  Command line arguments: '-de output/pcbs/board.dsn -do output/routed_pcbs/board.ses -mp 10'
2023-10-29 09:55:00.852 [main] DEBUG  Architecture: Linux,aarch64,5.15.49-linuxkit-pr
2023-10-29 09:55:00.871 [main] DEBUG  Java: 17.0.8.1,Private Build
2023-10-29 09:55:00.887 [main] DEBUG  System Language: en,en_US
2023-10-29 09:55:00.901 [main] DEBUG  Hardware: 8 CPU cores,3244 MB RAM
2023-10-29 09:55:00.918 [main] DEBUG  UTC Time: 2023-10-29T09:55:00.917420678Z
2023-10-29 09:55:00.936 [main] DEBUG  GUI Language: en_US
2023-10-29 09:55:00.950 [main] INFO  Opening 'output/pcbs/board.dsn'...
2023-10-29 09:55:01.754 [main] INFO  Opening 'board.rules'...
2023-10-29 09:55:01.775 [main] ERROR File 'board.rules' was not found.
2023-10-29 09:55:21.887 [Thread-0] INFO  Starting auto-routing...
2023-10-29 09:55:21.888 [main] TRACE Method 'MainApplication.main()' was performed in 21.14 seconds.
2023-10-29 09:55:24.732 [Thread-0] TRACE Method 'BatchAutorouter.autoroute_pass #1 on board 'd7789850b74ad18bff9398b6d6354cbb' making 415 changes' was performed in 2.74 seconds.
2023-10-29 09:55:24.785 [Thread-0] INFO  Saving '/tmp/freerouting-32153d1e.frb'...
2023-10-29 09:55:27.407 [Thread-0] TRACE Method 'BatchAutorouter.autoroute_pass #2 on board '65e38170730a7f5f034066bf705a1424' making 148 changes' was performed in 2.55 seconds.
2023-10-29 09:55:30.068 [Thread-0] TRACE Method 'BatchAutorouter.autoroute_pass #3 on board '71d50915c2beecef5d99d1d221d85722' making 63 changes' was performed in 2.60 seconds.
2023-10-29 09:55:32.553 [Thread-0] TRACE Method 'BatchAutorouter.autoroute_pass #4 on board '332b93999013050bd698767b8956c39a' making 33 changes' was performed in 2.43 seconds.
2023-10-29 09:55:35.085 [Thread-0] TRACE Method 'BatchAutorouter.autoroute_pass #5 on board 'cf84326cdc02cd5088dab6df67341e60' making 31 changes' was performed in 2.47 seconds.
2023-10-29 09:55:37.531 [Thread-0] TRACE Method 'BatchAutorouter.autoroute_pass #6 on board '5d25af53868ccbcdd6e398b057ffad02' making 32 changes' was performed in 2.39 seconds.
2023-10-29 09:55:40.013 [Thread-0] TRACE Method 'BatchAutorouter.autoroute_pass #7 on board '0f5707f606b481fa2848f396f96686a3' making 36 changes' was performed in 2.43 seconds.
2023-10-29 09:55:42.523 [Thread-0] TRACE Method 'BatchAutorouter.autoroute_pass #8 on board '27ae183bf4a25c205b0a2c473a70d647' making 33 changes' was performed in 2.46 seconds.
2023-10-29 09:55:45.115 [Thread-0] TRACE Method 'BatchAutorouter.autoroute_pass #9 on board '9497ad2dc6fc8926b3ff6cc2a76a89e5' making 26 changes' was performed in 2.54 seconds.
2023-10-29 09:55:47.676 [Thread-0] TRACE Method 'BatchAutorouter.autoroute_pass #10 on board '942b508bacb4cf1aec7be9a463decfab' making 24 changes' was performed in 2.51 seconds.
2023-10-29 09:55:47.721 [Thread-0] TRACE Method 'BatchAutorouterThread.thread_action()-autorouting' was performed in 25.80 seconds.
2023-10-29 09:55:47.749 [Thread-0] INFO  Auto-routing was completed in 25.80 seconds.
2023-10-29 09:55:47.766 [Thread-0] INFO  Starting route optimization on 1 thread...
2023-10-29 09:55:50.519 [Thread-0] TRACE Method 'BatchOptRoute.opt_route_pass #1 with 25 vias and 2,718,377.87 trace length.' was performed in 2.73 seconds.
2023-10-29 09:55:53.221 [Thread-0] TRACE Method 'BatchOptRoute.opt_route_pass #2 with 25 vias and 2,718,377.87 trace length.' was performed in 2.66 seconds.
2023-10-29 09:55:53.259 [Thread-0] TRACE Method 'BatchAutorouterThread.thread_action()-routeoptimization' was performed in 5.47 seconds.
2023-10-29 09:55:53.287 [Thread-0] INFO  Route optimization was completed in 5.47 seconds.
2023-10-29 09:55:53.312 [Thread-0] TRACE Method 'BatchAutorouterThread.thread_action()' was performed in 31.43 seconds.
2023-10-29 09:55:53.337 [Thread-0] INFO  Saving 'output/routed_pcbs/board.ses'...
2023-10-29 09:56:39.579 [main] INFO  Freerouting v1.8.0 (build-date: 2023-05-22)
2023-10-29 09:56:39.600 [main] DEBUG  Version: 1.8.0,2023-05-22
2023-10-29 09:56:39.617 [main] DEBUG  Command line arguments: '-de output/pcbs/top_plate.dsn -do output/routed_pcbs/top_plate.ses -mp 10'
2023-10-29 09:56:39.647 [main] DEBUG  Architecture: Linux,aarch64,5.15.49-linuxkit-pr
2023-10-29 09:56:39.665 [main] DEBUG  Java: 17.0.8.1,Private Build
2023-10-29 09:56:39.678 [main] DEBUG  System Language: en,en_US
2023-10-29 09:56:39.692 [main] DEBUG  Hardware: 8 CPU cores,3244 MB RAM
2023-10-29 09:56:39.708 [main] DEBUG  UTC Time: 2023-10-29T09:56:39.707297501Z
2023-10-29 09:56:39.725 [main] DEBUG  GUI Language: en_US
2023-10-29 09:56:39.738 [main] INFO  Opening 'output/pcbs/top_plate.dsn'...
2023-10-29 09:56:40.349 [main] INFO  Opening 'top_plate.rules'...
2023-10-29 09:56:40.369 [main] ERROR File 'top_plate.rules' was not found.
2023-10-29 09:57:00.477 [Thread-0] INFO  Starting auto-routing...
2023-10-29 09:57:00.478 [main] TRACE Method 'MainApplication.main()' was performed in 20.93 seconds.
2023-10-29 09:57:00.580 [Thread-0] TRACE Method 'BatchAutorouter.autoroute_pass #1 on board '585543a978b7db4b464149ecfa61cae0' making 0 changes' was performed in 0.00 seconds.
2023-10-29 09:57:00.621 [Thread-0] INFO  Saving '/tmp/freerouting-7de1f625.frb'...
2023-10-29 09:57:00.648 [Thread-0] TRACE Method 'BatchAutorouterThread.thread_action()-autorouting' was performed in 0.10 seconds.
2023-10-29 09:57:00.675 [Thread-0] INFO  Auto-routing was completed in 0.10 seconds.
2023-10-29 09:57:00.692 [Thread-0] INFO  Starting route optimization on 1 thread...
2023-10-29 09:57:00.712 [Thread-0] TRACE Method 'BatchOptRoute.opt_route_pass #1 with 0 vias and 0.00 trace length.' was performed in 0.00 seconds.
2023-10-29 09:57:00.744 [Thread-0] TRACE Method 'BatchOptRoute.opt_route_pass #2 with 0 vias and 0.00 trace length.' was performed in 0.00 seconds.
2023-10-29 09:57:00.774 [Thread-0] TRACE Method 'BatchAutorouterThread.thread_action()-routeoptimization' was performed in 0.06 seconds.
2023-10-29 09:57:00.803 [Thread-0] INFO  Route optimization was completed in 0.06 seconds.
2023-10-29 09:57:00.825 [Thread-0] TRACE Method 'BatchAutorouterThread.thread_action()' was performed in 0.35 seconds.
2023-10-29 09:57:00.849 [Thread-0] INFO  Saving 'output/routed_pcbs/top_plate.ses'...
2023-10-29 09:57:21.587 [main] INFO  Freerouting v1.8.0 (build-date: 2023-05-22)
2023-10-29 09:57:21.610 [main] DEBUG  Version: 1.8.0,2023-05-22
2023-10-29 09:57:21.625 [main] DEBUG  Command line arguments: '-de output/pcbs/bottom_plate.dsn -do output/routed_pcbs/bottom_plate.ses -mp 10'
2023-10-29 09:57:21.661 [main] DEBUG  Architecture: Linux,aarch64,5.15.49-linuxkit-pr
2023-10-29 09:57:21.680 [main] DEBUG  Java: 17.0.8.1,Private Build
2023-10-29 09:57:21.693 [main] DEBUG  System Language: en,en_US
2023-10-29 09:57:21.707 [main] DEBUG  Hardware: 8 CPU cores,3244 MB RAM
2023-10-29 09:57:21.727 [main] DEBUG  UTC Time: 2023-10-29T09:57:21.726261632Z
2023-10-29 09:57:21.744 [main] DEBUG  GUI Language: en_US
2023-10-29 09:57:21.758 [main] INFO  Opening 'output/pcbs/bottom_plate.dsn'...
2023-10-29 09:57:22.373 [main] INFO  Opening 'bottom_plate.rules'...
2023-10-29 09:57:22.392 [main] ERROR File 'bottom_plate.rules' was not found.
2023-10-29 09:57:42.523 [Thread-0] INFO  Starting auto-routing...
2023-10-29 09:57:42.525 [main] TRACE Method 'MainApplication.main()' was performed in 20.97 seconds.
2023-10-29 09:57:42.604 [Thread-0] TRACE Method 'BatchAutorouter.autoroute_pass #1 on board '38c5ffb4dcd7f324c40c464b0cc0b196' making 0 changes' was performed in 0.00 seconds.
2023-10-29 09:57:42.644 [Thread-0] INFO  Saving '/tmp/freerouting-4c51196d.frb'...
2023-10-29 09:57:42.669 [Thread-0] TRACE Method 'BatchAutorouterThread.thread_action()-autorouting' was performed in 0.11 seconds.
2023-10-29 09:57:42.697 [Thread-0] INFO  Auto-routing was completed in 0.11 seconds.
2023-10-29 09:57:42.716 [Thread-0] INFO  Starting route optimization on 1 thread...
2023-10-29 09:57:42.737 [Thread-0] TRACE Method 'BatchOptRoute.opt_route_pass #1 with 0 vias and 0.00 trace length.' was performed in 0.00 seconds.
2023-10-29 09:57:42.767 [Thread-0] TRACE Method 'BatchOptRoute.opt_route_pass #2 with 0 vias and 0.00 trace length.' was performed in 0.00 seconds.
2023-10-29 09:57:42.798 [Thread-0] TRACE Method 'BatchAutorouterThread.thread_action()-routeoptimization' was performed in 0.06 seconds.
2023-10-29 09:57:42.826 [Thread-0] INFO  Route optimization was completed in 0.06 seconds.
2023-10-29 09:57:42.849 [Thread-0] TRACE Method 'BatchAutorouterThread.thread_action()' was performed in 0.33 seconds.
2023-10-29 09:57:42.875 [Thread-0] INFO  Saving 'output/routed_pcbs/bottom_plate.ses'...
